2026-06-07 15:37:40,696 - __main__ - INFO - Network OK — connected to api.telegram.org:443
2026-06-07 15:37:40,891 - __main__ - INFO - GitSync Bot starting. Polling for updates...
2026-06-07 15:37:42,029 - scheduler - INFO - Scheduler started.
2026-06-07 15:37:42,031 - scheduler - INFO - Rescheduled 0 jobs from database.
2026-06-07 15:37:42,031 - __main__ - INFO - Scheduler started and jobs rescheduled.
2026-06-07 15:37:42,623 - telegram.ext.Application - INFO - Application started
2026-06-07 15:37:50,222 - telegram.ext.Application - INFO - Application is stopping. This might take a moment.
2026-06-07 15:37:50,233 - telegram.ext.Application - INFO - Application.stop() complete
2026-06-07 15:38:08,996 - __main__ - INFO - Network OK — connected to api.telegram.org:443
2026-06-07 15:38:09,188 - __main__ - INFO - GitSync Bot starting. Polling for updates...
2026-06-07 15:38:11,098 - scheduler - INFO - Scheduler started.
2026-06-07 15:38:11,100 - scheduler - INFO - Rescheduled 0 jobs from database.
2026-06-07 15:38:11,102 - __main__ - INFO - Scheduler started and jobs rescheduled.
2026-06-07 15:38:11,713 - telegram.ext.Application - INFO - Application started
2026-06-07 15:38:16,379 - telegram.ext.Application - INFO - Application is stopping. This might take a moment.
2026-06-07 15:38:16,390 - telegram.ext.Application - INFO - Application.stop() complete
2026-06-07 15:38:49,380 - __main__ - INFO - Network OK — connected to api.telegram.org:443
2026-06-07 15:38:49,540 - __main__ - INFO - GitSync Bot starting. Polling for updates...
2026-06-07 15:38:51,411 - scheduler - INFO - Scheduler started.
2026-06-07 15:38:51,412 - scheduler - INFO - Rescheduled 0 jobs from database.
2026-06-07 15:38:51,413 - __main__ - INFO - Scheduler started and jobs rescheduled.
2026-06-07 15:38:51,767 - telegram.ext.Application - INFO - Application started
2026-06-07 15:38:57,788 - telegram.ext.Application - INFO - Application is stopping. This might take a moment.
2026-06-07 15:38:57,799 - telegram.ext.Application - INFO - Application.stop() complete
2026-06-07 15:40:26,858 - __main__ - INFO - Network OK — connected to api.telegram.org:443
2026-06-07 15:40:26,983 - __main__ - INFO - GitSync Bot starting. Polling for updates...
2026-06-07 15:40:28,297 - scheduler - INFO - Scheduler started.
2026-06-07 15:40:28,297 - scheduler - INFO - Rescheduled 0 jobs from database.
2026-06-07 15:40:28,298 - __main__ - INFO - Scheduler started and jobs rescheduled.
2026-06-07 15:40:28,706 - telegram.ext.Application - INFO - Application started
2026-06-07 15:41:55,965 - scheduler - INFO - Added schedule job sync_project_1 with cron: */10 * * * *
2026-06-07 15:42:44,544 - __main__ - ERROR - Update Update(callback_query=CallbackQuery(chat_instance='-5877440502923599746', data='browse_root', from_user=User(first_name='Arunprakash', id=5953044720, is_bot=False, language_code='en'), id='7121388313800378504', message=Message(channel_chat_created=False, chat=Chat(first_name='Arunprakash', id=5953044720, type=<ChatType.PRIVATE>), date=datetime.datetime(2026, 6, 7, 10, 11, 6, tzinfo=datetime.timezone.utc), delete_chat_photo=False, edit_date=datetime.datetime(2026, 6, 7, 10, 11, 12, tzinfo=datetime.timezone.utc), entities=(MessageEntity(length=30, offset=2, type=<MessageEntityType.BOLD>), MessageEntity(length=16, offset=37, type=<MessageEntityType.BOLD>), MessageEntity(length=13, offset=55, type=<MessageEntityType.BOLD>), MessageEntity(length=6, offset=80, type=<MessageEntityType.BOLD>), MessageEntity(length=8, offset=89, type=<MessageEntityType.BOLD>), MessageEntity(length=4, offset=100, type=<MessageEntityType.BOLD>), MessageEntity(length=22, offset=112, type=<MessageEntityType.BOLD>)), from_user=User(first_name='My GitSync Bot', id=8962405853, is_bot=True, username='mygitsync_bot'), group_chat_created=False, message_id=52, reply_markup=InlineKeyboardMarkup(inline_keyboard=((InlineKeyboardButton(callback_data='browse_root', text='📁 Browse Files'),), (InlineKeyboardButton(callback_data='link_github', text='🔗 Link GitHub'),), (InlineKeyboardButton(callback_data='set_schedule', text='⏰ Set Schedule'),), (InlineKeyboardButton(callback_data='list_projects', text='📋 My Projects'),))), supergroup_chat_created=False, text='✅ Project Uploaded Successfully!\n\n📊 Project Analysis\n\nProject Name: portfolio\n\nFiles: 3\nFolders: 1\nLOC: 1,659\n\nDetected Technologies:\n  • HTML')), update_id=35888553) caused error Button_data_invalid
2026-06-07 15:45:17,204 - __main__ - INFO - Network OK — connected to api.telegram.org:443
2026-06-07 15:45:17,379 - __main__ - INFO - GitSync Bot starting. Polling for updates...
2026-06-07 15:45:18,455 - scheduler - INFO - Scheduler started.
2026-06-07 15:45:18,475 - scheduler - INFO - Added schedule job sync_project_1 with cron: */10 * * * *
2026-06-07 15:45:18,475 - scheduler - INFO - Rescheduled 1 jobs from database.
2026-06-07 15:45:18,475 - __main__ - INFO - Scheduler started and jobs rescheduled.
2026-06-07 15:45:18,830 - telegram.ext.Application - INFO - Application started
2026-06-07 15:45:19,770 - __main__ - ERROR - Update None caused error Conflict: terminated by other getUpdates request; make sure that only one bot instance is running
2026-06-07 15:45:24,746 - telegram.ext.Application - INFO - Application is stopping. This might take a moment.
2026-06-07 15:45:24,757 - telegram.ext.Application - INFO - Application.stop() complete
2026-06-07 15:47:59,891 - __main__ - ERROR - Update Update(edited_message=Message(channel_chat_created=False, chat=Chat(first_name='Arunprakash', id=5953044720, type=<ChatType.PRIVATE>), date=datetime.datetime(2026, 6, 7, 10, 16, 37, tzinfo=datetime.timezone.utc), delete_chat_photo=False, edit_date=datetime.datetime(2026, 6, 7, 10, 17, 59, tzinfo=datetime.timezone.utc), entities=(MessageEntity(length=35, offset=0, type=<MessageEntityType.URL>),), from_user=User(first_name='Arunprakash', id=5953044720, is_bot=False, language_code='en'), group_chat_created=False, link_preview_options=LinkPreviewOptions(url='https://github.com/Harish-fake/aaaaaa'), message_id=72, supergroup_chat_created=False, text='https://github.com/Harish-fake/bot1'), update_id=35888564) caused error 'NoneType' object has no attribute 'reply_text'
2026-06-07 15:50:00,018 - __main__ - INFO - Project 1 not linked to GitHub, skipping sync.
2026-06-07 15:51:11,391 - telegram.ext.Application - INFO - Application is stopping. This might take a moment.
2026-06-07 15:51:11,402 - telegram.ext.Application - INFO - Application.stop() complete
2026-06-07 15:51:14,648 - __main__ - INFO - Network OK — connected to api.telegram.org:443
2026-06-07 15:51:14,770 - __main__ - INFO - GitSync Bot starting. Polling for updates...
2026-06-07 15:51:16,146 - scheduler - INFO - Scheduler started.
2026-06-07 15:51:16,164 - scheduler - INFO - Added schedule job sync_project_1 with cron: */10 * * * *
2026-06-07 15:51:16,164 - scheduler - INFO - Rescheduled 1 jobs from database.
2026-06-07 15:51:16,164 - __main__ - INFO - Scheduler started and jobs rescheduled.
2026-06-07 15:51:16,656 - telegram.ext.Application - INFO - Application started
2026-06-07 15:51:46,048 - __main__ - ERROR - Update Update(edited_message=Message(channel_chat_created=False, chat=Chat(first_name='Arunprakash', id=5953044720, type=<ChatType.PRIVATE>), date=datetime.datetime(2026, 6, 7, 10, 21, 26, tzinfo=datetime.timezone.utc), delete_chat_photo=False, edit_date=datetime.datetime(2026, 6, 7, 10, 21, 45, tzinfo=datetime.timezone.utc), entities=(MessageEntity(length=35, offset=0, type=<MessageEntityType.URL>),), from_user=User(first_name='Arunprakash', id=5953044720, is_bot=False, language_code='en'), group_chat_created=False, link_preview_options=LinkPreviewOptions(url='https://github.com/Harish-fake/bot1'), message_id=78, supergroup_chat_created=False, text='https://github.com/Harish-fake/bot1'), update_id=35888568) caused error 'NoneType' object has no attribute 'text'
2026-06-07 15:52:32,890 - __main__ - ERROR - Update Update(message=Message(channel_chat_created=False, chat=Chat(first_name='Arunprakash', id=5953044720, type=<ChatType.PRIVATE>), date=datetime.datetime(2026, 6, 7, 10, 22, 31, tzinfo=datetime.timezone.utc), delete_chat_photo=False, entities=(MessageEntity(length=7, offset=0, type=<MessageEntityType.BOT_COMMAND>),), from_user=User(first_name='Arunprakash', id=5953044720, is_bot=False, language_code='en'), group_chat_created=False, message_id=84, supergroup_chat_created=False, text='/status'), update_id=35888571) caused error Can't parse entities: can't find end of the entity starting at byte offset 225
2026-06-07 15:54:08,937 - __main__ - ERROR - Update Update(message=Message(channel_chat_created=False, chat=Chat(first_name='Arunprakash', id=5953044720, type=<ChatType.PRIVATE>), date=datetime.datetime(2026, 6, 7, 10, 24, 7, tzinfo=datetime.timezone.utc), delete_chat_photo=False, entities=(MessageEntity(length=7, offset=0, type=<MessageEntityType.BOT_COMMAND>),), from_user=User(first_name='Arunprakash', id=5953044720, is_bot=False, language_code='en'), group_chat_created=False, message_id=85, supergroup_chat_created=False, text='/status'), update_id=35888572) caused error Can't parse entities: can't find end of the entity starting at byte offset 225
2026-06-07 15:58:43,575 - __main__ - ERROR - Update Update(message=Message(channel_chat_created=False, chat=Chat(first_name='Arunprakash', id=5953044720, type=<ChatType.PRIVATE>), date=datetime.datetime(2026, 6, 7, 10, 28, 41, tzinfo=datetime.timezone.utc), delete_chat_photo=False, entities=(MessageEntity(length=7, offset=0, type=<MessageEntityType.BOT_COMMAND>),), from_user=User(first_name='Arunprakash', id=5953044720, is_bot=False, language_code='en'), group_chat_created=False, message_id=86, supergroup_chat_created=False, text='/status'), update_id=35888573) caused error Can't parse entities: can't find end of the entity starting at byte offset 225
2026-06-07 15:58:50,333 - telegram.ext.Application - INFO - Application is stopping. This might take a moment.
2026-06-07 15:58:50,345 - telegram.ext.Application - INFO - Application.stop() complete
2026-06-07 15:58:53,297 - __main__ - INFO - Network OK — connected to api.telegram.org:443
2026-06-07 15:58:53,415 - __main__ - INFO - GitSync Bot starting. Polling for updates...
2026-06-07 15:58:55,159 - scheduler - INFO - Scheduler started.
2026-06-07 15:58:55,182 - scheduler - INFO - Added schedule job sync_project_1 with cron: */10 * * * *
2026-06-07 15:58:55,182 - scheduler - INFO - Rescheduled 1 jobs from database.
2026-06-07 15:58:55,182 - __main__ - INFO - Scheduler started and jobs rescheduled.
2026-06-07 15:58:55,484 - telegram.ext.Application - INFO - Application started
2026-06-07 15:59:52,700 - __main__ - ERROR - Update Update(callback_query=CallbackQuery(chat_instance='-5877440502923599746', data='browse_dir:storage/projects/c0709ae8f28f4b6eb50e84771fc71e8e', from_user=User(first_name='Arunprakash', id=5953044720, is_bot=False, language_code='en'), id='7121388313214708551', message=Message(channel_chat_created=False, chat=Chat(first_name='Arunprakash', id=5953044720, type=<ChatType.PRIVATE>), date=datetime.datetime(2026, 6, 7, 10, 29, 48, tzinfo=datetime.timezone.utc), delete_chat_photo=False, entities=(MessageEntity(length=35, offset=56, type=<MessageEntityType.URL>), MessageEntity(length=3, offset=197, type=<MessageEntityType.BOT_COMMAND>)), from_user=User(first_name='My GitSync Bot', id=8962405853, is_bot=True, username='mygitsync_bot'), group_chat_created=False, link_preview_options=LinkPreviewOptions(url='https://github.com/Harish-fake/bot1'), message_id=90, reply_markup=InlineKeyboardMarkup(inline_keyboard=((InlineKeyboardButton(callback_data='pushnow:1', text='🚀 Push Now'),), (InlineKeyboardButton(callback_data='browse_dir:storage/projects/c0709ae8f28f4b6eb50e84771fc71e8e', text='📁 Browse'),), (InlineKeyboardButton(callback_data='synclogs:1', text='📊 Sync History'),))), supergroup_chat_created=False, text='📋 *Project Status*\n\n*Project:* portfolio\n*Repository:* https://github.com/Harish-fake/bot1\n*Branch:* main\n*Last Push:* 2026-06-07 10:22:15\n*Next Push:* 2026-06-07 16:00:00 UTC\n*Schedule:* Cron: `*/10 * * * *`\n\n*Recent Syncs:*\n✅ 2026-06-07 10:22:15 — 3 files, 75f9b12')), update_id=35888579) caused error Button_data_invalid
2026-06-07 16:03:17,597 - __main__ - ERROR - Update Update(callback_query=CallbackQuery(chat_instance='-5877440502923599746', data='browse_dir:storage/projects/c0709ae8f28f4b6eb50e84771fc71e8e', from_user=User(first_name='Arunprakash', id=5953044720, is_bot=False, language_code='en'), id='7121388312153348428', message=Message(channel_chat_created=False, chat=Chat(first_name='Arunprakash', id=5953044720, type=<ChatType.PRIVATE>), date=datetime.datetime(2026, 6, 7, 10, 29, 48, tzinfo=datetime.timezone.utc), delete_chat_photo=False, entities=(MessageEntity(length=35, offset=56, type=<MessageEntityType.URL>), MessageEntity(length=3, offset=197, type=<MessageEntityType.BOT_COMMAND>)), from_user=User(first_name='My GitSync Bot', id=8962405853, is_bot=True, username='mygitsync_bot'), group_chat_created=False, link_preview_options=LinkPreviewOptions(url='https://github.com/Harish-fake/bot1'), message_id=90, reply_markup=InlineKeyboardMarkup(inline_keyboard=((InlineKeyboardButton(callback_data='pushnow:1', text='🚀 Push Now'),), (InlineKeyboardButton(callback_data='browse_dir:storage/projects/c0709ae8f28f4b6eb50e84771fc71e8e', text='📁 Browse'),), (InlineKeyboardButton(callback_data='synclogs:1', text='📊 Sync History'),))), supergroup_chat_created=False, text='📋 *Project Status*\n\n*Project:* portfolio\n*Repository:* https://github.com/Harish-fake/bot1\n*Branch:* main\n*Last Push:* 2026-06-07 10:22:15\n*Next Push:* 2026-06-07 16:00:00 UTC\n*Schedule:* Cron: `*/10 * * * *`\n\n*Recent Syncs:*\n✅ 2026-06-07 10:22:15 — 3 files, 75f9b12')), update_id=35888580) caused error Button_data_invalid
2026-06-07 16:08:56,541 - __main__ - INFO - Network OK — connected to api.telegram.org:443
2026-06-07 16:08:56,723 - __main__ - INFO - GitSync Bot starting. Polling for updates...
2026-06-07 16:09:28,864 - __main__ - INFO - Network OK — connected to api.telegram.org:443
2026-06-07 16:09:29,058 - __main__ - INFO - GitSync Bot starting. Polling for updates...
2026-06-07 16:09:30,129 - scheduler - INFO - Scheduler started.
2026-06-07 16:09:30,151 - scheduler - INFO - Added schedule job sync_project_1 with cron: */10 * * * *
2026-06-07 16:09:30,151 - scheduler - INFO - Rescheduled 1 jobs from database.
2026-06-07 16:09:30,151 - __main__ - INFO - Scheduler started and jobs rescheduled.
2026-06-07 16:09:30,670 - telegram.ext.Application - INFO - Application started
2026-06-07 16:09:31,969 - __main__ - ERROR - Update None caused error Conflict: terminated by other getUpdates request; make sure that only one bot instance is running
2026-06-07 16:09:36,502 - telegram.ext.Application - INFO - Application is stopping. This might take a moment.
2026-06-07 16:09:36,513 - telegram.ext.Application - INFO - Application.stop() complete
2026-06-07 16:12:09,874 - telegram.ext.Updater - ERROR - Error while calling `get_updates` one more time to mark all fetched updates. Suppressing error to ensure graceful shutdown. When polling for updates is restarted, updates may be fetched again. Please adjust timeouts via `ApplicationBuilder` or the parameter `get_updates_request` of `Bot`.
Traceback (most recent call last):
  File "/home/arun/Downloads/Projects/Bot/gitsync-bot/venv/lib/python3.13/site-packages/httpx/_transports/default.py", line 101, in map_httpcore_exceptions
    yield
  File "/home/arun/Downloads/Projects/Bot/gitsync-bot/venv/lib/python3.13/site-packages/httpx/_transports/default.py", line 394, in handle_async_request
    resp = await self._pool.handle_async_request(req)
           ^^^^^^^^^^^^^^^^^^^^^^^^^^^^^^^^^^^^^^^^^^
  File "/home/arun/Downloads/Projects/Bot/gitsync-bot/venv/lib/python3.13/site-packages/httpcore/_async/connection_pool.py", line 256, in handle_async_request
    raise exc from None
  File "/home/arun/Downloads/Projects/Bot/gitsync-bot/venv/lib/python3.13/site-packages/httpcore/_async/connection_pool.py", line 236, in handle_async_request
    response = await connection.handle_async_request(
               ^^^^^^^^^^^^^^^^^^^^^^^^^^^^^^^^^^^^^^
        pool_request.request
        ^^^^^^^^^^^^^^^^^^^^
    )
    ^
  File "/home/arun/Downloads/Projects/Bot/gitsync-bot/venv/lib/python3.13/site-packages/httpcore/_async/connection.py", line 101, in handle_async_request
    raise exc
  File "/home/arun/Downloads/Projects/Bot/gitsync-bot/venv/lib/python3.13/site-packages/httpcore/_async/connection.py", line 78, in handle_async_request
    stream = await self._connect(request)
             ^^^^^^^^^^^^^^^^^^^^^^^^^^^^
  File "/home/arun/Downloads/Projects/Bot/gitsync-bot/venv/lib/python3.13/site-packages/httpcore/_async/connection.py", line 124, in _connect
    stream = await self._network_backend.connect_tcp(**kwargs)
             ^^^^^^^^^^^^^^^^^^^^^^^^^^^^^^^^^^^^^^^^^^^^^^^^^
  File "/home/arun/Downloads/Projects/Bot/gitsync-bot/venv/lib/python3.13/site-packages/httpcore/_backends/auto.py", line 31, in connect_tcp
    return await self._backend.connect_tcp(
           ^^^^^^^^^^^^^^^^^^^^^^^^^^^^^^^^
    ...<5 lines>...
    )
    ^
  File "/home/arun/Downloads/Projects/Bot/gitsync-bot/venv/lib/python3.13/site-packages/httpcore/_backends/anyio.py", line 113, in connect_tcp
    with map_exceptions(exc_map):
         ~~~~~~~~~~~~~~^^^^^^^^^
  File "/usr/lib/python3.13/contextlib.py", line 162, in __exit__
    self.gen.throw(value)
    ~~~~~~~~~~~~~~^^^^^^^
  File "/home/arun/Downloads/Projects/Bot/gitsync-bot/venv/lib/python3.13/site-packages/httpcore/_exceptions.py", line 14, in map_exceptions
    raise to_exc(exc) from exc
httpcore.ConnectTimeout

The above exception was the direct cause of the following exception:

Traceback (most recent call last):
  File "/home/arun/Downloads/Projects/Bot/gitsync-bot/venv/lib/python3.13/site-packages/telegram/request/_httpxrequest.py", line 279, in do_request
    res = await self._client.request(
          ^^^^^^^^^^^^^^^^^^^^^^^^^^^
    ...<6 lines>...
    )
    ^
  File "/home/arun/Downloads/Projects/Bot/gitsync-bot/venv/lib/python3.13/site-packages/httpx/_client.py", line 1540, in request
    return await self.send(request, auth=auth, follow_redirects=follow_redirects)
           ^^^^^^^^^^^^^^^^^^^^^^^^^^^^^^^^^^^^^^^^^^^^^^^^^^^^^^^^^^^^^^^^^^^^^^
  File "/home/arun/Downloads/Projects/Bot/gitsync-bot/venv/lib/python3.13/site-packages/httpx/_client.py", line 1629, in send
    response = await self._send_handling_auth(
               ^^^^^^^^^^^^^^^^^^^^^^^^^^^^^^^
    ...<4 lines>...
    )
    ^
  File "/home/arun/Downloads/Projects/Bot/gitsync-bot/venv/lib/python3.13/site-packages/httpx/_client.py", line 1657, in _send_handling_auth
    response = await self._send_handling_redirects(
               ^^^^^^^^^^^^^^^^^^^^^^^^^^^^^^^^^^^^
    ...<3 lines>...
    )
    ^
  File "/home/arun/Downloads/Projects/Bot/gitsync-bot/venv/lib/python3.13/site-packages/httpx/_client.py", line 1694, in _send_handling_redirects
    response = await self._send_single_request(request)
               ^^^^^^^^^^^^^^^^^^^^^^^^^^^^^^^^^^^^^^^^
  File "/home/arun/Downloads/Projects/Bot/gitsync-bot/venv/lib/python3.13/site-packages/httpx/_client.py", line 1730, in _send_single_request
    response = await transport.handle_async_request(request)
               ^^^^^^^^^^^^^^^^^^^^^^^^^^^^^^^^^^^^^^^^^^^^^
  File "/home/arun/Downloads/Projects/Bot/gitsync-bot/venv/lib/python3.13/site-packages/httpx/_transports/default.py", line 393, in handle_async_request
    with map_httpcore_exceptions():
         ~~~~~~~~~~~~~~~~~~~~~~~^^
  File "/usr/lib/python3.13/contextlib.py", line 162, in __exit__
    self.gen.throw(value)
    ~~~~~~~~~~~~~~^^^^^^^
  File "/home/arun/Downloads/Projects/Bot/gitsync-bot/venv/lib/python3.13/site-packages/httpx/_transports/default.py", line 118, in map_httpcore_exceptions
    raise mapped_exc(message) from exc
httpx.ConnectTimeout

The above exception was the direct cause of the following exception:

Traceback (most recent call last):
  File "/home/arun/Downloads/Projects/Bot/gitsync-bot/venv/lib/python3.13/site-packages/telegram/ext/_updater.py", line 400, in _get_updates_cleanup
    await self.bot.get_updates(
    ...<4 lines>...
    )
  File "/home/arun/Downloads/Projects/Bot/gitsync-bot/venv/lib/python3.13/site-packages/telegram/ext/_extbot.py", line 672, in get_updates
    updates = await super().get_updates(
              ^^^^^^^^^^^^^^^^^^^^^^^^^^
    ...<9 lines>...
    )
    ^
  File "/home/arun/Downloads/Projects/Bot/gitsync-bot/venv/lib/python3.13/site-packages/telegram/_bot.py", line 4865, in get_updates
    await self._post(
    ^^^^^^^^^^^^^^^^^
    ...<7 lines>...
    ),
    ^
  File "/home/arun/Downloads/Projects/Bot/gitsync-bot/venv/lib/python3.13/site-packages/telegram/_bot.py", line 704, in _post
    return await self._do_post(
           ^^^^^^^^^^^^^^^^^^^^
    ...<6 lines>...
    )
    ^
  File "/home/arun/Downloads/Projects/Bot/gitsync-bot/venv/lib/python3.13/site-packages/telegram/ext/_extbot.py", line 370, in _do_post
    return await super()._do_post(
           ^^^^^^^^^^^^^^^^^^^^^^^
    ...<6 lines>...
    )
    ^
  File "/home/arun/Downloads/Projects/Bot/gitsync-bot/venv/lib/python3.13/site-packages/telegram/_bot.py", line 733, in _do_post
    result = await request.post(
             ^^^^^^^^^^^^^^^^^^^
    ...<6 lines>...
    )
    ^
  File "/home/arun/Downloads/Projects/Bot/gitsync-bot/venv/lib/python3.13/site-packages/telegram/request/_baserequest.py", line 198, in post
    result = await self._request_wrapper(
             ^^^^^^^^^^^^^^^^^^^^^^^^^^^^
    ...<7 lines>...
    )
    ^
  File "/home/arun/Downloads/Projects/Bot/gitsync-bot/venv/lib/python3.13/site-packages/telegram/request/_baserequest.py", line 305, in _request_wrapper
    code, payload = await self.do_request(
                    ^^^^^^^^^^^^^^^^^^^^^^
    ...<7 lines>...
    )
    ^
  File "/home/arun/Downloads/Projects/Bot/gitsync-bot/venv/lib/python3.13/site-packages/telegram/request/_httpxrequest.py", line 296, in do_request
    raise TimedOut from err
telegram.error.TimedOut: Timed out
2026-06-07 16:12:09,898 - telegram.ext.Application - INFO - Application is stopping. This might take a moment.
2026-06-07 16:12:09,909 - telegram.ext.Application - INFO - Application.stop() complete
2026-06-07 16:12:13,960 - __main__ - INFO - Network OK — connected to api.telegram.org:443
2026-06-07 16:12:14,084 - __main__ - INFO - GitSync Bot starting. Polling for updates...
2026-06-07 16:12:15,403 - scheduler - INFO - Scheduler started.
2026-06-07 16:12:15,432 - scheduler - INFO - Added schedule job sync_project_1 with cron: */10 * * * *
2026-06-07 16:12:15,433 - scheduler - INFO - Rescheduled 1 jobs from database.
2026-06-07 16:12:15,433 - __main__ - INFO - Scheduler started and jobs rescheduled.
2026-06-07 16:12:15,722 - telegram.ext.Application - INFO - Application started
2026-06-07 16:15:01,910 - scheduler - INFO - Added schedule job sync_project_2 with cron: */01 * * * *
2026-06-07 16:16:00,011 - __main__ - INFO - Project 2 not linked to GitHub, skipping sync.
2026-06-07 16:17:00,009 - __main__ - INFO - Project 2 not linked to GitHub, skipping sync.
2026-06-07 16:18:00,015 - __main__ - INFO - Project 2 not linked to GitHub, skipping sync.
2026-06-07 16:19:00,014 - __main__ - INFO - Project 2 not linked to GitHub, skipping sync.
2026-06-07 16:20:01,358 - apscheduler.executors.default - WARNING - Run time of job "Sync Project 2 (trigger: cron[month='*', day='*', day_of_week='*', hour='*', minute='*/1'], next run at: 2026-06-07 16:21:00 IST)" was missed by 0:00:01.358229
2026-06-07 16:21:00,013 - __main__ - INFO - Project 2 not linked to GitHub, skipping sync.
2026-06-07 16:21:03,627 - __main__ - ERROR - Update Update(edited_message=Message(channel_chat_created=False, chat=Chat(first_name='Arunprakash', id=5953044720, type=<ChatType.PRIVATE>), date=datetime.datetime(2026, 6, 7, 10, 49, 58, tzinfo=datetime.timezone.utc), delete_chat_photo=False, edit_date=datetime.datetime(2026, 6, 7, 10, 51, 3, tzinfo=datetime.timezone.utc), entities=(MessageEntity(length=35, offset=0, type=<MessageEntityType.URL>),), from_user=User(first_name='Arunprakash', id=5953044720, is_bot=False, language_code='en'), group_chat_created=False, link_preview_options=LinkPreviewOptions(url='https://github.com/Harish-fake/bot2'), message_id=115, supergroup_chat_created=False, text='https://github.com/Harish-fake/bot2'), update_id=35888597) caused error 'NoneType' object has no attribute 'text'
2026-06-07 16:27:10,700 - __main__ - INFO - Network OK — connected to api.telegram.org:443
2026-06-07 16:27:10,826 - __main__ - INFO - GitSync Bot starting. Polling for updates...
2026-06-07 16:27:11,844 - scheduler - INFO - Scheduler started.
2026-06-07 16:27:11,863 - scheduler - INFO - Added schedule job sync_project_1 with cron: */10 * * * *
2026-06-07 16:27:11,870 - scheduler - INFO - Added schedule job sync_project_2 with cron: */01 * * * *
2026-06-07 16:27:11,870 - scheduler - INFO - Rescheduled 2 jobs from database.
2026-06-07 16:27:11,871 - __main__ - INFO - Scheduler started and jobs rescheduled.
2026-06-07 16:27:12,456 - telegram.ext.Application - INFO - Application started
2026-06-07 16:27:13,889 - __main__ - ERROR - Update None caused error Conflict: terminated by other getUpdates request; make sure that only one bot instance is running
2026-06-07 16:27:18,955 - telegram.ext.Application - INFO - Application is stopping. This might take a moment.
2026-06-07 16:27:18,965 - telegram.ext.Application - INFO - Application.stop() complete
2026-06-07 16:29:15,754 - telegram.ext.Application - INFO - Application is stopping. This might take a moment.
2026-06-07 16:29:15,765 - telegram.ext.Application - INFO - Application.stop() complete
2026-06-07 16:29:17,768 - __main__ - INFO - Network OK — connected to api.telegram.org:443
2026-06-07 16:29:17,846 - __main__ - INFO - GitSync Bot starting. Polling for updates...
2026-06-07 16:29:18,828 - scheduler - INFO - Scheduler started.
2026-06-07 16:29:18,848 - scheduler - INFO - Added schedule job sync_project_1 with cron: */10 * * * *
2026-06-07 16:29:18,854 - scheduler - INFO - Added schedule job sync_project_2 with cron: */01 * * * *
2026-06-07 16:29:18,854 - scheduler - INFO - Rescheduled 2 jobs from database.
2026-06-07 16:29:18,854 - __main__ - INFO - Scheduler started and jobs rescheduled.
2026-06-07 16:29:19,235 - telegram.ext.Application - INFO - Application started
2026-06-07 16:30:44,872 - scheduler - INFO - Added schedule job sync_project_2 with cron: * * * * *
2026-06-07 16:38:07,822 - __main__ - INFO - Network OK — connected to api.telegram.org:443
2026-06-07 16:38:08,008 - __main__ - INFO - GitSync Bot starting. Polling for updates...
2026-06-07 16:38:09,074 - scheduler - INFO - Scheduler started.
2026-06-07 16:38:09,092 - scheduler - INFO - Added schedule job sync_project_1 with cron: */10 * * * *
2026-06-07 16:38:09,099 - scheduler - INFO - Added schedule job sync_project_2 with cron: * * * * *
2026-06-07 16:38:09,099 - scheduler - INFO - Rescheduled 2 jobs from database.
2026-06-07 16:38:09,100 - __main__ - INFO - Scheduler started and jobs rescheduled.
2026-06-07 16:38:09,481 - telegram.ext.Application - INFO - Application started
2026-06-07 16:38:10,709 - __main__ - ERROR - Update None caused error Conflict: terminated by other getUpdates request; make sure that only one bot instance is running
2026-06-07 16:38:15,416 - telegram.ext.Application - INFO - Application is stopping. This might take a moment.
2026-06-07 16:38:15,427 - telegram.ext.Application - INFO - Application.stop() complete
2026-06-07 16:40:01,637 - apscheduler.executors.default - WARNING - Run time of job "Sync Project 2 (trigger: cron[month='*', day='*', day_of_week='*', hour='*', minute='*'], next run at: 2026-06-07 16:41:00 IST)" was missed by 0:00:01.637627
2026-06-07 16:40:47,547 - telegram.ext.Application - INFO - Application is stopping. This might take a moment.
2026-06-07 16:40:47,558 - telegram.ext.Application - INFO - Application.stop() complete
2026-06-07 16:40:50,245 - __main__ - INFO - Network OK — connected to api.telegram.org:443
2026-06-07 16:40:50,364 - __main__ - INFO - GitSync Bot starting. Polling for updates...
2026-06-07 16:40:51,277 - scheduler - INFO - Scheduler started.
2026-06-07 16:40:51,299 - scheduler - INFO - Added schedule job sync_project_1 with cron: */10 * * * *
2026-06-07 16:40:51,306 - scheduler - INFO - Added schedule job sync_project_2 with cron: * * * * *
2026-06-07 16:40:51,306 - scheduler - INFO - Rescheduled 2 jobs from database.
2026-06-07 16:40:51,306 - __main__ - INFO - Scheduler started and jobs rescheduled.
2026-06-07 16:40:51,829 - telegram.ext.Application - INFO - Application started
2026-06-07 16:41:29,792 - __main__ - ERROR - Update Update(edited_message=Message(channel_chat_created=False, chat=Chat(first_name='Arunprakash', id=5953044720, type=<ChatType.PRIVATE>), date=datetime.datetime(2026, 6, 7, 11, 11, 4, tzinfo=datetime.timezone.utc), delete_chat_photo=False, edit_date=datetime.datetime(2026, 6, 7, 11, 11, 29, tzinfo=datetime.timezone.utc), entities=(MessageEntity(length=35, offset=0, type=<MessageEntityType.URL>),), from_user=User(first_name='Arunprakash', id=5953044720, is_bot=False, language_code='en'), group_chat_created=False, link_preview_options=LinkPreviewOptions(url='https://github.com/Harish-fake/bot3'), message_id=171, supergroup_chat_created=False, text='https://github.com/Harish-fake/bot3'), update_id=35888613) caused error 'NoneType' object has no attribute 'text'
2026-06-07 16:41:41,671 - scheduler - INFO - Added schedule job sync_project_2 with cron: * * * * *
2026-06-07 16:49:35,700 - __main__ - INFO - Network OK — connected to api.telegram.org:443
2026-06-07 16:49:35,866 - __main__ - INFO - GitSync Bot starting. Polling for updates...
2026-06-07 16:49:37,059 - scheduler - INFO - Scheduler started.
2026-06-07 16:49:37,077 - scheduler - INFO - Added schedule job sync_project_1 with cron: */10 * * * *
2026-06-07 16:49:37,082 - scheduler - INFO - Added schedule job sync_project_2 with cron: * * * * *
2026-06-07 16:49:37,082 - scheduler - INFO - Rescheduled 2 jobs from database.
2026-06-07 16:49:37,082 - __main__ - INFO - Scheduler started and jobs rescheduled.
2026-06-07 16:49:37,413 - telegram.ext.Application - INFO - Application started
2026-06-07 16:49:38,627 - __main__ - ERROR - Update None caused error Conflict: terminated by other getUpdates request; make sure that only one bot instance is running
2026-06-07 16:49:43,565 - telegram.ext.Application - INFO - Application is stopping. This might take a moment.
2026-06-07 16:49:43,576 - telegram.ext.Application - INFO - Application.stop() complete
2026-06-07 16:50:01,209 - apscheduler.executors.default - WARNING - Run time of job "Sync Project 2 (trigger: cron[month='*', day='*', day_of_week='*', hour='*', minute='*'], next run at: 2026-06-07 16:51:00 IST)" was missed by 0:00:01.209162
2026-06-07 16:52:01,628 - telegram.ext.Updater - ERROR - Error while calling `get_updates` one more time to mark all fetched updates. Suppressing error to ensure graceful shutdown. When polling for updates is restarted, updates may be fetched again. Please adjust timeouts via `ApplicationBuilder` or the parameter `get_updates_request` of `Bot`.
Traceback (most recent call last):
  File "/home/arun/Downloads/Projects/Bot/gitsync-bot/venv/lib/python3.13/site-packages/httpx/_transports/default.py", line 101, in map_httpcore_exceptions
    yield
  File "/home/arun/Downloads/Projects/Bot/gitsync-bot/venv/lib/python3.13/site-packages/httpx/_transports/default.py", line 394, in handle_async_request
    resp = await self._pool.handle_async_request(req)
           ^^^^^^^^^^^^^^^^^^^^^^^^^^^^^^^^^^^^^^^^^^
  File "/home/arun/Downloads/Projects/Bot/gitsync-bot/venv/lib/python3.13/site-packages/httpcore/_async/connection_pool.py", line 256, in handle_async_request
    raise exc from None
  File "/home/arun/Downloads/Projects/Bot/gitsync-bot/venv/lib/python3.13/site-packages/httpcore/_async/connection_pool.py", line 236, in handle_async_request
    response = await connection.handle_async_request(
               ^^^^^^^^^^^^^^^^^^^^^^^^^^^^^^^^^^^^^^
        pool_request.request
        ^^^^^^^^^^^^^^^^^^^^
    )
    ^
  File "/home/arun/Downloads/Projects/Bot/gitsync-bot/venv/lib/python3.13/site-packages/httpcore/_async/connection.py", line 101, in handle_async_request
    raise exc
  File "/home/arun/Downloads/Projects/Bot/gitsync-bot/venv/lib/python3.13/site-packages/httpcore/_async/connection.py", line 78, in handle_async_request
    stream = await self._connect(request)
             ^^^^^^^^^^^^^^^^^^^^^^^^^^^^
  File "/home/arun/Downloads/Projects/Bot/gitsync-bot/venv/lib/python3.13/site-packages/httpcore/_async/connection.py", line 124, in _connect
    stream = await self._network_backend.connect_tcp(**kwargs)
             ^^^^^^^^^^^^^^^^^^^^^^^^^^^^^^^^^^^^^^^^^^^^^^^^^
  File "/home/arun/Downloads/Projects/Bot/gitsync-bot/venv/lib/python3.13/site-packages/httpcore/_backends/auto.py", line 31, in connect_tcp
    return await self._backend.connect_tcp(
           ^^^^^^^^^^^^^^^^^^^^^^^^^^^^^^^^
    ...<5 lines>...
    )
    ^
  File "/home/arun/Downloads/Projects/Bot/gitsync-bot/venv/lib/python3.13/site-packages/httpcore/_backends/anyio.py", line 113, in connect_tcp
    with map_exceptions(exc_map):
         ~~~~~~~~~~~~~~^^^^^^^^^
  File "/usr/lib/python3.13/contextlib.py", line 162, in __exit__
    self.gen.throw(value)
    ~~~~~~~~~~~~~~^^^^^^^
  File "/home/arun/Downloads/Projects/Bot/gitsync-bot/venv/lib/python3.13/site-packages/httpcore/_exceptions.py", line 14, in map_exceptions
    raise to_exc(exc) from exc
httpcore.ConnectTimeout

The above exception was the direct cause of the following exception:

Traceback (most recent call last):
  File "/home/arun/Downloads/Projects/Bot/gitsync-bot/venv/lib/python3.13/site-packages/telegram/request/_httpxrequest.py", line 279, in do_request
    res = await self._client.request(
          ^^^^^^^^^^^^^^^^^^^^^^^^^^^
    ...<6 lines>...
    )
    ^
  File "/home/arun/Downloads/Projects/Bot/gitsync-bot/venv/lib/python3.13/site-packages/httpx/_client.py", line 1540, in request
    return await self.send(request, auth=auth, follow_redirects=follow_redirects)
           ^^^^^^^^^^^^^^^^^^^^^^^^^^^^^^^^^^^^^^^^^^^^^^^^^^^^^^^^^^^^^^^^^^^^^^
  File "/home/arun/Downloads/Projects/Bot/gitsync-bot/venv/lib/python3.13/site-packages/httpx/_client.py", line 1629, in send
    response = await self._send_handling_auth(
               ^^^^^^^^^^^^^^^^^^^^^^^^^^^^^^^
    ...<4 lines>...
    )
    ^
  File "/home/arun/Downloads/Projects/Bot/gitsync-bot/venv/lib/python3.13/site-packages/httpx/_client.py", line 1657, in _send_handling_auth
    response = await self._send_handling_redirects(
               ^^^^^^^^^^^^^^^^^^^^^^^^^^^^^^^^^^^^
    ...<3 lines>...
    )
    ^
  File "/home/arun/Downloads/Projects/Bot/gitsync-bot/venv/lib/python3.13/site-packages/httpx/_client.py", line 1694, in _send_handling_redirects
    response = await self._send_single_request(request)
               ^^^^^^^^^^^^^^^^^^^^^^^^^^^^^^^^^^^^^^^^
  File "/home/arun/Downloads/Projects/Bot/gitsync-bot/venv/lib/python3.13/site-packages/httpx/_client.py", line 1730, in _send_single_request
    response = await transport.handle_async_request(request)
               ^^^^^^^^^^^^^^^^^^^^^^^^^^^^^^^^^^^^^^^^^^^^^
  File "/home/arun/Downloads/Projects/Bot/gitsync-bot/venv/lib/python3.13/site-packages/httpx/_transports/default.py", line 393, in handle_async_request
    with map_httpcore_exceptions():
         ~~~~~~~~~~~~~~~~~~~~~~~^^
  File "/usr/lib/python3.13/contextlib.py", line 162, in __exit__
    self.gen.throw(value)
    ~~~~~~~~~~~~~~^^^^^^^
  File "/home/arun/Downloads/Projects/Bot/gitsync-bot/venv/lib/python3.13/site-packages/httpx/_transports/default.py", line 118, in map_httpcore_exceptions
    raise mapped_exc(message) from exc
httpx.ConnectTimeout

The above exception was the direct cause of the following exception:

Traceback (most recent call last):
  File "/home/arun/Downloads/Projects/Bot/gitsync-bot/venv/lib/python3.13/site-packages/telegram/ext/_updater.py", line 400, in _get_updates_cleanup
    await self.bot.get_updates(
    ...<4 lines>...
    )
  File "/home/arun/Downloads/Projects/Bot/gitsync-bot/venv/lib/python3.13/site-packages/telegram/ext/_extbot.py", line 672, in get_updates
    updates = await super().get_updates(
              ^^^^^^^^^^^^^^^^^^^^^^^^^^
    ...<9 lines>...
    )
    ^
  File "/home/arun/Downloads/Projects/Bot/gitsync-bot/venv/lib/python3.13/site-packages/telegram/_bot.py", line 4865, in get_updates
    await self._post(
    ^^^^^^^^^^^^^^^^^
    ...<7 lines>...
    ),
    ^
  File "/home/arun/Downloads/Projects/Bot/gitsync-bot/venv/lib/python3.13/site-packages/telegram/_bot.py", line 704, in _post
    return await self._do_post(
           ^^^^^^^^^^^^^^^^^^^^
    ...<6 lines>...
    )
    ^
  File "/home/arun/Downloads/Projects/Bot/gitsync-bot/venv/lib/python3.13/site-packages/telegram/ext/_extbot.py", line 370, in _do_post
    return await super()._do_post(
           ^^^^^^^^^^^^^^^^^^^^^^^
    ...<6 lines>...
    )
    ^
  File "/home/arun/Downloads/Projects/Bot/gitsync-bot/venv/lib/python3.13/site-packages/telegram/_bot.py", line 733, in _do_post
    result = await request.post(
             ^^^^^^^^^^^^^^^^^^^
    ...<6 lines>...
    )
    ^
  File "/home/arun/Downloads/Projects/Bot/gitsync-bot/venv/lib/python3.13/site-packages/telegram/request/_baserequest.py", line 198, in post
    result = await self._request_wrapper(
             ^^^^^^^^^^^^^^^^^^^^^^^^^^^^
    ...<7 lines>...
    )
    ^
  File "/home/arun/Downloads/Projects/Bot/gitsync-bot/venv/lib/python3.13/site-packages/telegram/request/_baserequest.py", line 305, in _request_wrapper
    code, payload = await self.do_request(
                    ^^^^^^^^^^^^^^^^^^^^^^
    ...<7 lines>...
    )
    ^
  File "/home/arun/Downloads/Projects/Bot/gitsync-bot/venv/lib/python3.13/site-packages/telegram/request/_httpxrequest.py", line 296, in do_request
    raise TimedOut from err
telegram.error.TimedOut: Timed out
2026-06-07 16:52:01,649 - telegram.ext.Application - INFO - Application is stopping. This might take a moment.
2026-06-07 16:52:01,660 - telegram.ext.Application - INFO - Application.stop() complete
2026-06-07 16:52:05,345 - __main__ - INFO - Network OK — connected to api.telegram.org:443
2026-06-07 16:52:05,475 - __main__ - INFO - GitSync Bot starting. Polling for updates...
2026-06-07 16:52:06,511 - scheduler - INFO - Scheduler started.
2026-06-07 16:52:06,548 - scheduler - INFO - Added schedule job sync_project_1 with cron: */10 * * * *
2026-06-07 16:52:06,555 - scheduler - INFO - Added schedule job sync_project_2 with cron: * * * * *
2026-06-07 16:52:06,555 - scheduler - INFO - Rescheduled 2 jobs from database.
2026-06-07 16:52:06,555 - __main__ - INFO - Scheduler started and jobs rescheduled.
2026-06-07 16:52:07,122 - telegram.ext.Application - INFO - Application started
2026-06-07 16:52:59,159 - scheduler - INFO - Added schedule job sync_project_2 with cron: * * * * *
2026-06-07 16:57:08,691 - scheduler - INFO - Added schedule job sync_project_3 with cron: * * * * *
2026-06-07 17:00:02,347 - apscheduler.executors.default - WARNING - Run time of job "Sync Project 2 (trigger: cron[month='*', day='*', day_of_week='*', hour='*', minute='*'], next run at: 2026-06-07 17:01:00 IST)" was missed by 0:00:02.346911
2026-06-07 17:00:02,347 - apscheduler.executors.default - WARNING - Run time of job "Sync Project 3 (trigger: cron[month='*', day='*', day_of_week='*', hour='*', minute='*'], next run at: 2026-06-07 17:01:00 IST)" was missed by 0:00:02.347773
2026-06-07 17:00:05,882 - __main__ - INFO - Network OK — connected to api.telegram.org:443
2026-06-07 17:00:06,069 - __main__ - INFO - GitSync Bot starting. Polling for updates...
2026-06-07 17:00:07,800 - scheduler - INFO - Scheduler started.
2026-06-07 17:00:07,826 - scheduler - INFO - Added schedule job sync_project_1 with cron: */10 * * * *
2026-06-07 17:00:07,834 - scheduler - INFO - Added schedule job sync_project_2 with cron: * * * * *
2026-06-07 17:00:07,841 - scheduler - INFO - Added schedule job sync_project_3 with cron: * * * * *
2026-06-07 17:00:07,842 - scheduler - INFO - Rescheduled 3 jobs from database.
2026-06-07 17:00:07,842 - __main__ - INFO - Scheduler started and jobs rescheduled.
2026-06-07 17:00:08,406 - telegram.ext.Application - INFO - Application started
2026-06-07 17:00:10,044 - __main__ - ERROR - Update None caused error Conflict: terminated by other getUpdates request; make sure that only one bot instance is running
2026-06-07 17:00:13,187 - telegram.ext.Application - INFO - Application is stopping. This might take a moment.
2026-06-07 17:00:13,199 - telegram.ext.Application - INFO - Application.stop() complete
2026-06-07 17:01:07,042 - telegram.ext.Application - INFO - Application is stopping. This might take a moment.
2026-06-07 17:01:07,053 - telegram.ext.Application - INFO - Application.stop() complete
2026-06-07 17:01:10,455 - __main__ - INFO - Network OK — connected to api.telegram.org:443
2026-06-07 17:01:10,559 - __main__ - INFO - GitSync Bot starting. Polling for updates...
2026-06-07 17:01:12,101 - scheduler - INFO - Scheduler started.
2026-06-07 17:01:12,130 - scheduler - INFO - Added schedule job sync_project_1 with cron: */10 * * * *
2026-06-07 17:01:12,138 - scheduler - INFO - Added schedule job sync_project_2 with cron: * * * * *
2026-06-07 17:01:12,144 - scheduler - INFO - Added schedule job sync_project_3 with cron: * * * * *
2026-06-07 17:01:12,145 - scheduler - INFO - Rescheduled 3 jobs from database.
2026-06-07 17:01:12,145 - __main__ - INFO - Scheduler started and jobs rescheduled.
2026-06-07 17:01:12,651 - telegram.ext.Application - INFO - Application started
2026-06-07 17:04:21,732 - scheduler - INFO - Added schedule job sync_project_4 with cron: * * * * *
2026-06-07 17:43:18,624 - __main__ - ERROR - Update Update(callback_query=CallbackQuery(chat_instance='3921087913368834524', data='show_help', from_user=User(first_name='Kishore', id=6411188946, is_bot=False, language_code='en', last_name='Kishore'), id='9089102781671522055', message=Message(channel_chat_created=False, chat=Chat(first_name='Kishore', id=6411188946, last_name='Kishore', type=<ChatType.PRIVATE>), date=datetime.datetime(2026, 6, 7, 12, 13, 14, tzinfo=datetime.timezone.utc), delete_chat_photo=False, entities=(MessageEntity(length=7, offset=11, type=<MessageEntityType.BOLD>), MessageEntity(length=11, offset=22, type=<MessageEntityType.BOLD>), MessageEntity(length=21, offset=145, type=<MessageEntityType.BOLD>), MessageEntity(length=12, offset=211, type=<MessageEntityType.BOLD>), MessageEntity(length=11, offset=251, type=<MessageEntityType.BOT_COMMAND>), MessageEntity(length=7, offset=290, type=<MessageEntityType.BOT_COMMAND>), MessageEntity(length=7, offset=326, type=<MessageEntityType.BOT_COMMAND>), MessageEntity(length=9, offset=363, type=<MessageEntityType.BOT_COMMAND>), MessageEntity(length=5, offset=381, type=<MessageEntityType.BOT_COMMAND>)), from_user=User(first_name='My GitSync Bot', id=8962405853, is_bot=True, username='mygitsync_bot'), group_chat_created=False, message_id=309, reply_markup=InlineKeyboardMarkup(inline_keyboard=((InlineKeyboardButton(callback_data='upload', text='📤 Upload Project'),), (InlineKeyboardButton(callback_data='show_help', text='📖 Quick Guide'),))), supergroup_chat_created=False, text='👋 Welcome Kishore to GitSync Bot!\n\nI help you upload project folders, connect them to GitHub, and automatically sync your files in batches.\n\n🔒 Your data is private. Each user sees only their own projects.\n\n📌 Quick Start:\n1️⃣ Add a GitHub account → /addaccount\n2️⃣ Upload a project ZIP → /upload\n3️⃣ Link to a GitHub repo → /github\n4️⃣ Set auto-sync schedule → /schedule\n\n📖 See /help for all commands.')), update_id=35888652) caused error 'NoneType' object has no attribute 'reply_text'
2026-06-07 17:43:23,646 - __main__ - ERROR - Update Update(callback_query=CallbackQuery(chat_instance='3921087913368834524', data='show_help', from_user=User(first_name='Kishore', id=6411188946, is_bot=False, language_code='en', last_name='Kishore'), id='9089102779242810723', message=Message(channel_chat_created=False, chat=Chat(first_name='Kishore', id=6411188946, last_name='Kishore', type=<ChatType.PRIVATE>), date=datetime.datetime(2026, 6, 7, 12, 13, 14, tzinfo=datetime.timezone.utc), delete_chat_photo=False, entities=(MessageEntity(length=7, offset=11, type=<MessageEntityType.BOLD>), MessageEntity(length=11, offset=22, type=<MessageEntityType.BOLD>), MessageEntity(length=21, offset=145, type=<MessageEntityType.BOLD>), MessageEntity(length=12, offset=211, type=<MessageEntityType.BOLD>), MessageEntity(length=11, offset=251, type=<MessageEntityType.BOT_COMMAND>), MessageEntity(length=7, offset=290, type=<MessageEntityType.BOT_COMMAND>), MessageEntity(length=7, offset=326, type=<MessageEntityType.BOT_COMMAND>), MessageEntity(length=9, offset=363, type=<MessageEntityType.BOT_COMMAND>), MessageEntity(length=5, offset=381, type=<MessageEntityType.BOT_COMMAND>)), from_user=User(first_name='My GitSync Bot', id=8962405853, is_bot=True, username='mygitsync_bot'), group_chat_created=False, message_id=309, reply_markup=InlineKeyboardMarkup(inline_keyboard=((InlineKeyboardButton(callback_data='upload', text='📤 Upload Project'),), (InlineKeyboardButton(callback_data='show_help', text='📖 Quick Guide'),))), supergroup_chat_created=False, text='👋 Welcome Kishore to GitSync Bot!\n\nI help you upload project folders, connect them to GitHub, and automatically sync your files in batches.\n\n🔒 Your data is private. Each user sees only their own projects.\n\n📌 Quick Start:\n1️⃣ Add a GitHub account → /addaccount\n2️⃣ Upload a project ZIP → /upload\n3️⃣ Link to a GitHub repo → /github\n4️⃣ Set auto-sync schedule → /schedule\n\n📖 See /help for all commands.')), update_id=35888653) caused error 'NoneType' object has no attribute 'reply_text'
2026-06-07 17:47:05,460 - scheduler - INFO - Added schedule job sync_project_5 with cron: */01 * * * *
2026-06-07 17:48:04,380 - apscheduler.executors.default - WARNING - Run time of job "Sync Project 5 (trigger: cron[month='*', day='*', day_of_week='*', hour='*', minute='*/1'], next run at: 2026-06-07 17:49:00 IST)" was missed by 0:00:04.380084
2026-06-07 17:49:03,486 - apscheduler.executors.default - WARNING - Run time of job "Sync Project 5 (trigger: cron[month='*', day='*', day_of_week='*', hour='*', minute='*/1'], next run at: 2026-06-07 17:50:00 IST)" was missed by 0:00:03.486498
2026-06-07 17:50:03,468 - apscheduler.executors.default - WARNING - Run time of job "Sync Project 5 (trigger: cron[month='*', day='*', day_of_week='*', hour='*', minute='*/1'], next run at: 2026-06-07 17:51:00 IST)" was missed by 0:00:03.468296
2026-06-07 17:51:03,648 - apscheduler.executors.default - WARNING - Run time of job "Sync Project 5 (trigger: cron[month='*', day='*', day_of_week='*', hour='*', minute='*/1'], next run at: 2026-06-07 17:52:00 IST)" was missed by 0:00:03.648374
2026-06-07 17:52:03,660 - apscheduler.executors.default - WARNING - Run time of job "Sync Project 5 (trigger: cron[month='*', day='*', day_of_week='*', hour='*', minute='*/1'], next run at: 2026-06-07 17:53:00 IST)" was missed by 0:00:03.660775
2026-06-07 17:53:03,667 - apscheduler.executors.default - WARNING - Run time of job "Sync Project 5 (trigger: cron[month='*', day='*', day_of_week='*', hour='*', minute='*/1'], next run at: 2026-06-07 17:54:00 IST)" was missed by 0:00:03.667161
2026-06-07 17:54:03,260 - apscheduler.executors.default - WARNING - Run time of job "Sync Project 5 (trigger: cron[month='*', day='*', day_of_week='*', hour='*', minute='*/1'], next run at: 2026-06-07 17:55:00 IST)" was missed by 0:00:03.260759
2026-06-07 17:55:03,886 - apscheduler.executors.default - WARNING - Run time of job "Sync Project 5 (trigger: cron[month='*', day='*', day_of_week='*', hour='*', minute='*/1'], next run at: 2026-06-07 17:56:00 IST)" was missed by 0:00:03.886106
2026-06-07 17:56:03,019 - apscheduler.executors.default - WARNING - Run time of job "Sync Project 5 (trigger: cron[month='*', day='*', day_of_week='*', hour='*', minute='*/1'], next run at: 2026-06-07 17:57:00 IST)" was missed by 0:00:03.019070
2026-06-07 17:57:03,083 - apscheduler.executors.default - WARNING - Run time of job "Sync Project 5 (trigger: cron[month='*', day='*', day_of_week='*', hour='*', minute='*/1'], next run at: 2026-06-07 17:58:00 IST)" was missed by 0:00:03.082962
2026-06-07 17:58:03,286 - apscheduler.executors.default - WARNING - Run time of job "Sync Project 5 (trigger: cron[month='*', day='*', day_of_week='*', hour='*', minute='*/1'], next run at: 2026-06-07 17:59:00 IST)" was missed by 0:00:03.286466
2026-06-07 17:58:44,834 - __main__ - ERROR - Update Update(callback_query=CallbackQuery(chat_instance='-5877440502923599746', data='browse_dir:storage/projects/be69a0c9ff1f464e9d9eb3951192249c', from_user=User(first_name='Arunprakash', id=5953044720, is_bot=False, language_code='en'), id='7121388313219133816', message=Message(channel_chat_created=False, chat=Chat(first_name='Arunprakash', id=5953044720, type=<ChatType.PRIVATE>), date=datetime.datetime(2026, 6, 7, 12, 28, 32, tzinfo=datetime.timezone.utc), delete_chat_photo=False, entities=(MessageEntity(length=35, offset=70, type=<MessageEntityType.URL>),), from_user=User(first_name='My GitSync Bot', id=8962405853, is_bot=True, username='mygitsync_bot'), group_chat_created=False, link_preview_options=LinkPreviewOptions(url='https://github.com/Harish-fake/bot5'), message_id=367, reply_markup=InlineKeyboardMarkup(inline_keyboard=((InlineKeyboardButton(callback_data='pushnow:4', text='🚀 Push Now'),), (InlineKeyboardButton(callback_data='browse_dir:storage/projects/be69a0c9ff1f464e9d9eb3951192249c', text='📁 Browse'),), (InlineKeyboardButton(callback_data='synclogs:4', text='📊 Sync History'),))), supergroup_chat_created=False, text='📋 *Project Status*\n\n*Project:* Digital-Nurture-JavaFSE\n*Repository:* https://github.com/Harish-fake/bot5\n*Branch:* main\n*Last Push:* 2026-06-07 12:28:03\n*Next Push:* 2026-06-07 17:59:00 UTC\n*Schedule:* Cron: `* * * * *`\n\n📊 *Progress:*\nUploaded: 216/220 files (98%)\nRemaining: ~4 files (pushed in batches of 4)\n\n*Recent Syncs:*\n✅ 2026-06-07 12:28:03 — 4 files, d5246cd\n✅ 2026-06-07 12:27:03 — 4 files, 9c64736\n✅ 2026-06-07 12:26:03 — 4 files, a925746\n✅ 2026-06-07 12:25:03 — 4 files, 314c707\n✅ 2026-06-07 12:24:03 — 4 files, ba390b7')), update_id=35888679) caused error Button_data_invalid
2026-06-07 17:59:03,703 - apscheduler.executors.default - WARNING - Run time of job "Sync Project 5 (trigger: cron[month='*', day='*', day_of_week='*', hour='*', minute='*/1'], next run at: 2026-06-07 18:00:00 IST)" was missed by 0:00:03.703708
2026-06-07 17:59:14,735 - __main__ - ERROR - Update Update(callback_query=CallbackQuery(chat_instance='-5877440502923599746', data='browse_dir:storage/projects/be69a0c9ff1f464e9d9eb3951192249c', from_user=User(first_name='Arunprakash', id=5953044720, is_bot=False, language_code='en'), id='7121388311268710412', message=Message(channel_chat_created=False, chat=Chat(first_name='Arunprakash', id=5953044720, type=<ChatType.PRIVATE>), date=datetime.datetime(2026, 6, 7, 12, 28, 32, tzinfo=datetime.timezone.utc), delete_chat_photo=False, entities=(MessageEntity(length=35, offset=70, type=<MessageEntityType.URL>),), from_user=User(first_name='My GitSync Bot', id=8962405853, is_bot=True, username='mygitsync_bot'), group_chat_created=False, link_preview_options=LinkPreviewOptions(url='https://github.com/Harish-fake/bot5'), message_id=367, reply_markup=InlineKeyboardMarkup(inline_keyboard=((InlineKeyboardButton(callback_data='pushnow:4', text='🚀 Push Now'),), (InlineKeyboardButton(callback_data='browse_dir:storage/projects/be69a0c9ff1f464e9d9eb3951192249c', text='📁 Browse'),), (InlineKeyboardButton(callback_data='synclogs:4', text='📊 Sync History'),))), supergroup_chat_created=False, text='📋 *Project Status*\n\n*Project:* Digital-Nurture-JavaFSE\n*Repository:* https://github.com/Harish-fake/bot5\n*Branch:* main\n*Last Push:* 2026-06-07 12:28:03\n*Next Push:* 2026-06-07 17:59:00 UTC\n*Schedule:* Cron: `* * * * *`\n\n📊 *Progress:*\nUploaded: 216/220 files (98%)\nRemaining: ~4 files (pushed in batches of 4)\n\n*Recent Syncs:*\n✅ 2026-06-07 12:28:03 — 4 files, d5246cd\n✅ 2026-06-07 12:27:03 — 4 files, 9c64736\n✅ 2026-06-07 12:26:03 — 4 files, a925746\n✅ 2026-06-07 12:25:03 — 4 files, 314c707\n✅ 2026-06-07 12:24:03 — 4 files, ba390b7')), update_id=35888680) caused error Button_data_invalid
2026-06-07 18:00:00,089 - __main__ - INFO - Project 5 not linked to GitHub, skipping sync.
2026-06-07 18:01:00,073 - __main__ - INFO - Project 5 not linked to GitHub, skipping sync.
2026-06-07 18:02:00,078 - __main__ - INFO - Project 5 not linked to GitHub, skipping sync.
2026-06-07 18:03:00,074 - __main__ - INFO - Project 5 not linked to GitHub, skipping sync.
2026-06-07 18:04:00,053 - __main__ - INFO - Project 5 not linked to GitHub, skipping sync.
2026-06-07 18:05:00,059 - __main__ - INFO - Project 5 not linked to GitHub, skipping sync.
2026-06-07 18:06:00,056 - __main__ - INFO - Project 5 not linked to GitHub, skipping sync.
2026-06-07 18:07:00,054 - __main__ - INFO - Project 5 not linked to GitHub, skipping sync.
2026-06-07 18:08:00,061 - __main__ - INFO - Project 5 not linked to GitHub, skipping sync.
2026-06-07 18:09:00,056 - __main__ - INFO - Project 5 not linked to GitHub, skipping sync.
2026-06-07 18:10:00,072 - __main__ - INFO - Project 5 not linked to GitHub, skipping sync.
2026-06-07 18:10:00,425 - __main__ - INFO - Network OK — connected to api.telegram.org:443
2026-06-07 18:10:00,532 - __main__ - INFO - GitSync Bot starting. Polling for updates...
2026-06-07 18:10:01,395 - scheduler - INFO - Scheduler started.
2026-06-07 18:10:01,415 - scheduler - INFO - Added schedule job sync_project_1 with cron: */10 * * * *
2026-06-07 18:10:01,419 - scheduler - INFO - Added schedule job sync_project_2 with cron: * * * * *
2026-06-07 18:10:01,422 - scheduler - INFO - Added schedule job sync_project_3 with cron: * * * * *
2026-06-07 18:10:01,426 - scheduler - INFO - Added schedule job sync_project_4 with cron: * * * * *
2026-06-07 18:10:01,429 - scheduler - INFO - Added schedule job sync_project_5 with cron: */01 * * * *
2026-06-07 18:10:01,430 - scheduler - INFO - Rescheduled 5 jobs from database.
2026-06-07 18:10:01,430 - __main__ - INFO - Scheduler started and jobs rescheduled.
2026-06-07 18:10:01,869 - telegram.ext.Application - INFO - Application started
2026-06-07 18:10:02,827 - __main__ - ERROR - Update None caused error Conflict: terminated by other getUpdates request; make sure that only one bot instance is running
2026-06-07 18:10:07,230 - __main__ - ERROR - Update None caused error Conflict: terminated by other getUpdates request; make sure that only one bot instance is running
2026-06-07 18:10:08,519 - telegram.ext.Application - INFO - Application is stopping. This might take a moment.
2026-06-07 18:10:08,530 - telegram.ext.Application - INFO - Application.stop() complete
2026-06-07 18:10:30,824 - __main__ - INFO - Health server listening on port 9999
2026-06-07 18:10:31,141 - __main__ - INFO - Network OK — connected to api.telegram.org:443
2026-06-07 18:10:31,253 - __main__ - INFO - GitSync Bot starting. Polling for updates...
2026-06-07 18:10:32,431 - scheduler - INFO - Scheduler started.
2026-06-07 18:10:32,448 - scheduler - INFO - Added schedule job sync_project_1 with cron: */10 * * * *
2026-06-07 18:10:32,454 - scheduler - INFO - Added schedule job sync_project_2 with cron: * * * * *
2026-06-07 18:10:32,458 - scheduler - INFO - Added schedule job sync_project_3 with cron: * * * * *
2026-06-07 18:10:32,461 - scheduler - INFO - Added schedule job sync_project_4 with cron: * * * * *
2026-06-07 18:10:32,466 - scheduler - INFO - Added schedule job sync_project_5 with cron: */01 * * * *
2026-06-07 18:10:32,466 - scheduler - INFO - Rescheduled 5 jobs from database.
2026-06-07 18:10:32,466 - __main__ - INFO - Scheduler started and jobs rescheduled.
2026-06-07 18:10:32,762 - telegram.ext.Application - INFO - Application started
2026-06-07 18:10:34,261 - telegram.ext.Application - INFO - Application is stopping. This might take a moment.
2026-06-07 18:10:34,272 - telegram.ext.Application - INFO - Application.stop() complete
2026-06-07 18:11:00,052 - __main__ - INFO - Project 5 not linked to GitHub, skipping sync.
2026-06-07 18:11:27,120 - scheduler - INFO - Added schedule job sync_project_4 with cron: 0 18 * * *
2026-06-07 18:12:00,020 - __main__ - INFO - Project 5 not linked to GitHub, skipping sync.
2026-06-07 18:13:00,016 - __main__ - INFO - Project 5 not linked to GitHub, skipping sync.
2026-06-07 18:14:00,028 - __main__ - INFO - Project 5 not linked to GitHub, skipping sync.
2026-06-07 18:15:00,022 - __main__ - INFO - Project 5 not linked to GitHub, skipping sync.
2026-06-07 18:16:00,020 - __main__ - INFO - Project 5 not linked to GitHub, skipping sync.
2026-06-07 18:17:00,025 - __main__ - INFO - Project 5 not linked to GitHub, skipping sync.
2026-06-07 18:18:00,035 - __main__ - INFO - Project 5 not linked to GitHub, skipping sync.
2026-06-07 18:19:00,031 - __main__ - INFO - Project 5 not linked to GitHub, skipping sync.
2026-06-07 18:20:00,042 - __main__ - INFO - Project 5 not linked to GitHub, skipping sync.
2026-06-07 18:21:00,021 - __main__ - INFO - Project 5 not linked to GitHub, skipping sync.
2026-06-07 18:22:00,018 - __main__ - INFO - Project 5 not linked to GitHub, skipping sync.
2026-06-07 18:23:00,027 - __main__ - INFO - Project 5 not linked to GitHub, skipping sync.
2026-06-07 18:24:00,022 - __main__ - INFO - Project 5 not linked to GitHub, skipping sync.
2026-06-07 18:24:09,783 - telegram.ext.Application - INFO - Application is stopping. This might take a moment.
2026-06-07 18:24:09,794 - telegram.ext.Application - INFO - Application.stop() complete
2026-06-08 00:26:43,677 - __main__ - INFO - Health server listening on port 8080
2026-06-08 00:26:44,159 - __main__ - INFO - Network OK — connected to api.telegram.org:443
2026-06-08 00:26:44,338 - __main__ - INFO - GitSync Bot starting. Polling for updates...
2026-06-08 00:26:45,600 - scheduler - INFO - Scheduler started.
2026-06-08 00:26:45,631 - scheduler - INFO - Added schedule job sync_project_1 with cron: */10 * * * *
2026-06-08 00:26:45,640 - scheduler - INFO - Added schedule job sync_project_2 with cron: * * * * *
2026-06-08 00:26:45,646 - scheduler - INFO - Added schedule job sync_project_3 with cron: * * * * *
2026-06-08 00:26:45,653 - scheduler - INFO - Added schedule job sync_project_4 with cron: 0 18 * * *
2026-06-08 00:26:45,662 - scheduler - INFO - Added schedule job sync_project_5 with cron: */01 * * * *
2026-06-08 00:26:45,663 - scheduler - INFO - Rescheduled 5 jobs from database.
2026-06-08 00:26:45,663 - __main__ - INFO - Scheduler started and jobs rescheduled.
2026-06-08 00:26:46,213 - telegram.ext.Application - INFO - Application started
2026-06-08 00:26:51,329 - telegram.ext.Application - INFO - Application is stopping. This might take a moment.
2026-06-08 00:26:51,341 - telegram.ext.Application - INFO - Application.stop() complete
2026-06-08 00:28:07,718 - __main__ - INFO - Health server listening on port 8080
2026-06-08 00:28:08,331 - __main__ - INFO - Network OK — connected to api.telegram.org:443
2026-06-08 00:28:08,481 - __main__ - INFO - GitSync Bot starting. Polling for updates...
2026-06-08 00:28:09,771 - scheduler - INFO - Scheduler started.
2026-06-08 00:28:09,795 - scheduler - INFO - Added schedule job sync_project_1 with cron: */10 * * * *
2026-06-08 00:28:09,805 - scheduler - INFO - Added schedule job sync_project_2 with cron: * * * * *
2026-06-08 00:28:09,811 - scheduler - INFO - Added schedule job sync_project_3 with cron: * * * * *
2026-06-08 00:28:09,817 - scheduler - INFO - Added schedule job sync_project_4 with cron: 0 18 * * *
2026-06-08 00:28:09,827 - scheduler - INFO - Added schedule job sync_project_5 with cron: */01 * * * *
2026-06-08 00:28:09,828 - scheduler - INFO - Rescheduled 5 jobs from database.
2026-06-08 00:28:09,828 - __main__ - INFO - Scheduler started and jobs rescheduled.
2026-06-08 00:28:10,384 - telegram.ext.Application - INFO - Application started
2026-06-08 00:28:15,377 - telegram.ext.Application - INFO - Application is stopping. This might take a moment.
2026-06-08 00:28:15,388 - telegram.ext.Application - INFO - Application.stop() complete
2026-06-08 00:32:37,154 - __main__ - INFO - Health server listening on port 8080
2026-06-08 00:32:37,632 - __main__ - INFO - Network OK — connected to api.telegram.org:443
2026-06-08 00:32:37,822 - __main__ - INFO - GitSync Bot starting. Polling for updates...
2026-06-08 00:32:39,081 - scheduler - INFO - Scheduler started.
2026-06-08 00:32:39,101 - scheduler - INFO - Added schedule job sync_project_1 with cron: */10 * * * *
2026-06-08 00:32:39,112 - scheduler - INFO - Added schedule job sync_project_2 with cron: * * * * *
2026-06-08 00:32:39,121 - scheduler - INFO - Added schedule job sync_project_3 with cron: * * * * *
2026-06-08 00:32:39,128 - scheduler - INFO - Added schedule job sync_project_4 with cron: 0 18 * * *
2026-06-08 00:32:39,135 - scheduler - INFO - Added schedule job sync_project_5 with cron: */01 * * * *
2026-06-08 00:32:39,135 - scheduler - INFO - Rescheduled 5 jobs from database.
2026-06-08 00:32:39,135 - __main__ - INFO - Scheduler started and jobs rescheduled.
2026-06-08 00:32:39,624 - telegram.ext.Application - INFO - Application started
2026-06-08 00:32:45,013 - telegram.ext.Application - INFO - Application is stopping. This might take a moment.
2026-06-08 00:32:45,024 - telegram.ext.Application - INFO - Application.stop() complete
